# SSL/TLS secrets log file, generated by NSS
CLIENT_RANDOM ff953f51c3b56008c66b2e90ccd63453699dbe04e8fa95b84257d96f6579b63b dbe2209d556ce472b25dc94cfb74257119b8fa6592236352365a9be3d6dbcf5cf4e8b6412d3df8db6d0ab2f9b1a55713
CLIENT_RANDOM 5736b08633c753764eb5380cb742c8576da6d9ada1c912f688ab69c0f4cf1bb9 58ae0f3df06f523fe24bd665d661029eb1ac8ab66408e6e657e37f9b6965ba7c607edc93689d32d039ef65b20c5b28f7
CLIENT_HANDSHAKE_TRAFFIC_SECRET 9c1973a4eb51bceff34cbd76cf8dd23cea47572f976067aeb2ea21d2f4fef491 eefd8f8df7736fe966136b9352b2e2b305d725aa83352113f36689f1ad0c6bda
SERVER_HANDSHAKE_TRAFFIC_SECRET 9c1973a4eb51bceff34cbd76cf8dd23cea47572f976067aeb2ea21d2f4fef491 05b398f0f28a80763dca800846577d63c85ca75d1ec4b2326bbecfec359bd1e4
CLIENT_HANDSHAKE_TRAFFIC_SECRET e514b0dfb0e1fa9d4698d8f35e43e6f9ed527814d0f46b1cc52fa0ef0ad4ebb9 0f797500a39ec557fe36315a118847df08548ac54946f29059df20fce7e205a0
SERVER_HANDSHAKE_TRAFFIC_SECRET e514b0dfb0e1fa9d4698d8f35e43e6f9ed527814d0f46b1cc52fa0ef0ad4ebb9 3dfc41c204d7c5d562a4af1243450182380802100408465a7c2074c659ba1f17
CLIENT_TRAFFIC_SECRET_0 e514b0dfb0e1fa9d4698d8f35e43e6f9ed527814d0f46b1cc52fa0ef0ad4ebb9 34ad0c627333c7de1e23e678967a9d401c9f1884ddc6b6f023eef01338f8aeb5
SERVER_TRAFFIC_SECRET_0 e514b0dfb0e1fa9d4698d8f35e43e6f9ed527814d0f46b1cc52fa0ef0ad4ebb9 61953580fd7752c850b797d9e29001519ec0e372c10087a44753dc03535cdb17
EXPORTER_SECRET e514b0dfb0e1fa9d4698d8f35e43e6f9ed527814d0f46b1cc52fa0ef0ad4ebb9 140f894f40e8a0108f2363fef534d213b3d444daa35c7e9c779f9a1a06b2c228
CLIENT_HANDSHAKE_TRAFFIC_SECRET d60ed2d3b26a98da24ad78e6880c46a073ebf8fcb414e5f2bf6572eb26f5ef52 21345e88853680e6da8ffd3365bc2dd18e60fe4500db04b36b68d40b832a1b88
SERVER_HANDSHAKE_TRAFFIC_SECRET d60ed2d3b26a98da24ad78e6880c46a073ebf8fcb414e5f2bf6572eb26f5ef52 4d25880a641310a3d8f195df6a3ccedb109a6b4e641d66ebb71d0f0fe8fa19f3
CLIENT_TRAFFIC_SECRET_0 d60ed2d3b26a98da24ad78e6880c46a073ebf8fcb414e5f2bf6572eb26f5ef52 57166e2547474ea80e5c64935299ea84388756f61a49bd4bd1a7e7749f3bb64d
SERVER_TRAFFIC_SECRET_0 d60ed2d3b26a98da24ad78e6880c46a073ebf8fcb414e5f2bf6572eb26f5ef52 cb9dbdefd089676e91d7dab826dd1381803d7151c54af73f41272ba76a30a44f
EXPORTER_SECRET d60ed2d3b26a98da24ad78e6880c46a073ebf8fcb414e5f2bf6572eb26f5ef52 f6d048f55e29f158681aabde9f65be4138cd7af2403f9eb4c7822d330aa7b023
CLIENT_RANDOM c7ec739c1019db9ac05a42166177bf3907938c9769018037ef3bbe5aa6799a39 7901ef78a14ccec96753ee554348e9b7807ee1de2d72806a49ad3deb4f0acebb5ef75dae16551a65e4d2957f1bdfcc8d
CLIENT_HANDSHAKE_TRAFFIC_SECRET 6dd2423659e23bdfeddd1a4656182d81cc1ef48a81dd4b4530729865e085776d 8363b3ecc7290c575bbcd48875466cf8bd2e3b33fae4dc7382589ac8da2981c9
SERVER_HANDSHAKE_TRAFFIC_SECRET 6dd2423659e23bdfeddd1a4656182d81cc1ef48a81dd4b4530729865e085776d 30aa0af03f89ca8739015af7ac615ac3f186bd3c1cd1156f9183757ab6836d26
CLIENT_HANDSHAKE_TRAFFIC_SECRET ce954acf84c53c7142c2eaba1b02a630e395c0c931e170c0029902fcf47d0d1a ab6c359ced6fb365a86ed652cbf90389b34da706a639d1b41cf636f7f8b9fbae
SERVER_HANDSHAKE_TRAFFIC_SECRET ce954acf84c53c7142c2eaba1b02a630e395c0c931e170c0029902fcf47d0d1a bc656653c3f80f0ebb80a1d8019dc2b00110125ac2508ca03f1d87c08d062165
CLIENT_TRAFFIC_SECRET_0 6dd2423659e23bdfeddd1a4656182d81cc1ef48a81dd4b4530729865e085776d 64cba28283340539c44e228df741c9a4fbb3cc0512862ab14a606bab64c5b45e
SERVER_TRAFFIC_SECRET_0 6dd2423659e23bdfeddd1a4656182d81cc1ef48a81dd4b4530729865e085776d 19913bddbd68208dd14069fb993b5644d8d503ccb15db374bef5715b15b468b9
EXPORTER_SECRET 6dd2423659e23bdfeddd1a4656182d81cc1ef48a81dd4b4530729865e085776d b6b8ed55547f33db49b8bca5e63ab712ac89b98c1c0e0b645873446f4f613acd
CLIENT_RANDOM 3247e5522893985f937a05e076d94b2a4e8c67a370a7a65ba3eaa2fa8c089e7a 2e9af27f0e014bc6acced678b6883874d8d2629868adb6615b25d6e55ca45ac1ade03677668f244fcd7bf799964a6b78
CLIENT_TRAFFIC_SECRET_0 ce954acf84c53c7142c2eaba1b02a630e395c0c931e170c0029902fcf47d0d1a 5592556025507e5b01fca3e222751b0be033d9395faed5d128329e8c84a7fd49
SERVER_TRAFFIC_SECRET_0 ce954acf84c53c7142c2eaba1b02a630e395c0c931e170c0029902fcf47d0d1a 45413221348773a01384b410076be6b6508bb5f9172e529c7863a071e81f2258
EXPORTER_SECRET ce954acf84c53c7142c2eaba1b02a630e395c0c931e170c0029902fcf47d0d1a b0759665be7cd449a91571c0f8b0f6abfcedb1f882f8a358e9cc9578026aae26
CLIENT_HANDSHAKE_TRAFFIC_SECRET 5e1253d3a99924a54fb7e8f9314dab1170230bc9413f2ef185bbd3f4a5232200 f394f673370ac9192407c85cfd456bc2cae3aa08f8369dc4b127b3486efe5ee5
SERVER_HANDSHAKE_TRAFFIC_SECRET 5e1253d3a99924a54fb7e8f9314dab1170230bc9413f2ef185bbd3f4a5232200 e6b5da7b626f369b1a1fe9793746170595cca0389537d2dbc3b2b51e9230d8f0
CLIENT_TRAFFIC_SECRET_0 9c1973a4eb51bceff34cbd76cf8dd23cea47572f976067aeb2ea21d2f4fef491 e00ef771654729a15bf23fb351eadf347c9eb4253c6f1fbd9f8997150e737a44
SERVER_TRAFFIC_SECRET_0 9c1973a4eb51bceff34cbd76cf8dd23cea47572f976067aeb2ea21d2f4fef491 7ef2930ad2edecc1ca218449b4866d14259ee26d52b2eb548e29b2cfb6742c1c
EXPORTER_SECRET 9c1973a4eb51bceff34cbd76cf8dd23cea47572f976067aeb2ea21d2f4fef491 b5cc71866a4611d20fdb2803f6ef5eb7ab5614b9573fc07544c9bb2ea101d586
CLIENT_TRAFFIC_SECRET_0 5e1253d3a99924a54fb7e8f9314dab1170230bc9413f2ef185bbd3f4a5232200 0b1ef0baffafda35617f604bb10df01a3ae95f175a113ce272619e9d7abd5fc5
SERVER_TRAFFIC_SECRET_0 5e1253d3a99924a54fb7e8f9314dab1170230bc9413f2ef185bbd3f4a5232200 e409faba5af03d469c019847f085182c9eebfe1f451f9824c5cb0e76f13cbfae
EXPORTER_SECRET 5e1253d3a99924a54fb7e8f9314dab1170230bc9413f2ef185bbd3f4a5232200 7fba76ac884a0fb30fe3a8b7623e1341e7a7ad21306f3283a89dce6f4b974b09
CLIENT_HANDSHAKE_TRAFFIC_SECRET 97171091a95542e5d56f1927394bcaac319a578adb4739d4682d097868616f15 13f73cfd334649c440a25706fee03a29ffa7d13d2602d575183c6817b77b3e23
SERVER_HANDSHAKE_TRAFFIC_SECRET 97171091a95542e5d56f1927394bcaac319a578adb4739d4682d097868616f15 746fdbcd1efb3f39e1045a11c3b6b140133edf49c335cec0605ee43fec949976
CLIENT_TRAFFIC_SECRET_0 97171091a95542e5d56f1927394bcaac319a578adb4739d4682d097868616f15 e1ddaae36e9cdd832475c22684a5ef2a616562a120f14f282347dc92c626d643
SERVER_TRAFFIC_SECRET_0 97171091a95542e5d56f1927394bcaac319a578adb4739d4682d097868616f15 717746b886d37d361394d9798e8c6d739203958659101716284e3593bd5b0765
EXPORTER_SECRET 97171091a95542e5d56f1927394bcaac319a578adb4739d4682d097868616f15 881411cd89aa2ed96fe3b128425e264d6b82573a8313b764518261c80fbbfc53
CLIENT_HANDSHAKE_TRAFFIC_SECRET a2e2e3689d5730668bdc3a09fd79a5944a8fc1ebeb28c7e432a9b4ee8263a1e0 37b0bf58aff6678bea30de3f869884301572fe5bab1d94b7c3b19eefb1487318
SERVER_HANDSHAKE_TRAFFIC_SECRET a2e2e3689d5730668bdc3a09fd79a5944a8fc1ebeb28c7e432a9b4ee8263a1e0 194cf5b2665517dd80e3ee518c00bea1ebaf91c2ffc7b192abf20c1de45b8e8b
CLIENT_TRAFFIC_SECRET_0 a2e2e3689d5730668bdc3a09fd79a5944a8fc1ebeb28c7e432a9b4ee8263a1e0 21a08716455680d69ba2a15e53703e0f64fb106f2fb3462dd78992734ad64692
SERVER_TRAFFIC_SECRET_0 a2e2e3689d5730668bdc3a09fd79a5944a8fc1ebeb28c7e432a9b4ee8263a1e0 05a7049e8a0a3a0857aca8fd31cfaa2da1b2ccd58af1e3978098c24f35509a93
EXPORTER_SECRET a2e2e3689d5730668bdc3a09fd79a5944a8fc1ebeb28c7e432a9b4ee8263a1e0 a5465f2b44452fd50d3bf9fef695b04db0f22c315325cfd3e988a48ec41a6511
CLIENT_HANDSHAKE_TRAFFIC_SECRET a6ec11aab7145fea58741c56200697ccea3640314f9441f3bed7ce356a97727b 05b6df714bb31be2826de82ce0305c2319c4fdc8aa0a14bba4dde566a8fc9b6b
SERVER_HANDSHAKE_TRAFFIC_SECRET a6ec11aab7145fea58741c56200697ccea3640314f9441f3bed7ce356a97727b e35542159d7111f5d80d22207390eade94add3e411329e1efc2f225e798ba8a5
CLIENT_HANDSHAKE_TRAFFIC_SECRET 72336927085ea213ab5e8d9c6f5135c674730f26a7ee5a9a8328ed2472e8fe20 32d52ff8fe234b2415ef46711c29938049cd157a0eaebf516234c68ef81cab7f
SERVER_HANDSHAKE_TRAFFIC_SECRET 72336927085ea213ab5e8d9c6f5135c674730f26a7ee5a9a8328ed2472e8fe20 7b9d1afbd7a7ccfc1c1768008ac015d95d9aa81bf20a06dbf0703f5f2f6a9468
CLIENT_TRAFFIC_SECRET_0 a6ec11aab7145fea58741c56200697ccea3640314f9441f3bed7ce356a97727b 64bf25d54a4c7bd6b06d11ad7bfe38213b5f64371406494d368f6d81bb24bc15
SERVER_TRAFFIC_SECRET_0 a6ec11aab7145fea58741c56200697ccea3640314f9441f3bed7ce356a97727b e23866c8d318564ab7180337024d802a97701d54d0ff2bb0502b26654519e2a4
EXPORTER_SECRET a6ec11aab7145fea58741c56200697ccea3640314f9441f3bed7ce356a97727b 682917a5357cea6de5aafaef03aa04955f804421d2461a254f850273fbbf3b84
CLIENT_TRAFFIC_SECRET_0 72336927085ea213ab5e8d9c6f5135c674730f26a7ee5a9a8328ed2472e8fe20 ff9f6b47614bc3a77d8b549c79b19cde8b9cc214567c9b640fe7c657a1f5ce83
SERVER_TRAFFIC_SECRET_0 72336927085ea213ab5e8d9c6f5135c674730f26a7ee5a9a8328ed2472e8fe20 62f5d8793ae4ab91bc163e0e479814bc29ff3cb5e7c2e6cd230077c03848bba3
EXPORTER_SECRET 72336927085ea213ab5e8d9c6f5135c674730f26a7ee5a9a8328ed2472e8fe20 0af9f9a5192c71fb2e047e9b9a83db8dd3401a8271fec306bf6053d3db41f3b0
CLIENT_RANDOM 52aad502d775a96e8511a211eadb19758af46e7b12075bc7e7d43bf6895395d6 d8685dd6c06bd3423562ad90f084b5340ab222951c7e3cfd5ba74e4ba91f3f5e83f215ca39a3d6b1b352cf626ba5352b
CLIENT_HANDSHAKE_TRAFFIC_SECRET 8e99066ef33a24e163a27e1e402d5bcdc86ed569621a127f286aab8b5ff52969 6bb8b64af4da3e2064492425e433457f1e7e2a63a1b160938f609c5e2c04e058
SERVER_HANDSHAKE_TRAFFIC_SECRET 8e99066ef33a24e163a27e1e402d5bcdc86ed569621a127f286aab8b5ff52969 7af2ccc28fdfdbe8e8981c9545b3bb9f7c5f89352620e54507bdb70521844a07
CLIENT_TRAFFIC_SECRET_0 8e99066ef33a24e163a27e1e402d5bcdc86ed569621a127f286aab8b5ff52969 bfbc4d4de70eddba79dd74c5ff4001e8ac6bce49ddafe24b2c1858332bf875e0
SERVER_TRAFFIC_SECRET_0 8e99066ef33a24e163a27e1e402d5bcdc86ed569621a127f286aab8b5ff52969 bd75d8c3c1e7b8b0424d8c7b101119855ef8f6542bbc0b0bf7f19151eda9cd1f
EXPORTER_SECRET 8e99066ef33a24e163a27e1e402d5bcdc86ed569621a127f286aab8b5ff52969 d74d1aef882092ae45a39b0a0b7a961ab2f2badddb1b6ef7c129e58724d66e12
CLIENT_HANDSHAKE_TRAFFIC_SECRET 88f68ea6197db475372da9ba8c08d38270a66a5325bdd7f3f314ac42e5ac8001 3c939651779c11bcbde3749021f7d1821104e6a4e4e34241d207f5bb68ee0c66
SERVER_HANDSHAKE_TRAFFIC_SECRET 88f68ea6197db475372da9ba8c08d38270a66a5325bdd7f3f314ac42e5ac8001 fc8129194d2801329e4fdd3f14f3948ae74859fcaa0a98a149d77b82fccceee1
CLIENT_TRAFFIC_SECRET_0 88f68ea6197db475372da9ba8c08d38270a66a5325bdd7f3f314ac42e5ac8001 2ab12ad17c580bb149278ca69312e56825bb42619ad05986b3af4715aa75dab7
SERVER_TRAFFIC_SECRET_0 88f68ea6197db475372da9ba8c08d38270a66a5325bdd7f3f314ac42e5ac8001 7275d84107dfaf1dae062796ce3d9c594cf6192833907d4823de929c46ff705a
EXPORTER_SECRET 88f68ea6197db475372da9ba8c08d38270a66a5325bdd7f3f314ac42e5ac8001 4ebe01bccea400722a16202ff5c3e6750ec9df856a423d7da5064119e90e5eb7
CLIENT_HANDSHAKE_TRAFFIC_SECRET 08b93950c294d39e9ddf6fdfa3daa483571852cb78122944e055357569e68a72 52e312b70b9357815b03c93b98fe2dba787604cb3afaa641493c88a1b824725b
SERVER_HANDSHAKE_TRAFFIC_SECRET 08b93950c294d39e9ddf6fdfa3daa483571852cb78122944e055357569e68a72 03572f3c2c1f82e2490ef1176eb87d15892b5ee2d9931b5bd768e4b6fd3c20ff
CLIENT_HANDSHAKE_TRAFFIC_SECRET 3ebc24cbd38fb93f82d1929b5503952145dffd8c42f3a1f9778bf8854078b027 521788208bb982ed8315cbf2a325605446f788d93b62b08244a6c1cce86be633
SERVER_HANDSHAKE_TRAFFIC_SECRET 3ebc24cbd38fb93f82d1929b5503952145dffd8c42f3a1f9778bf8854078b027 b7aea6903c7f0d0bda6d5b52c6e545d745428711787f9b53cb0ba1bf07e8b9ea
CLIENT_TRAFFIC_SECRET_0 08b93950c294d39e9ddf6fdfa3daa483571852cb78122944e055357569e68a72 37a8cc15c48a95d0511e5bfe11d11d9769fd4b24336b68653817780a7e7bbd63
SERVER_TRAFFIC_SECRET_0 08b93950c294d39e9ddf6fdfa3daa483571852cb78122944e055357569e68a72 43a94d07b98fc93cadb2c06f8be400d36e3185d68af4cd191d84bfa07534f32c
EXPORTER_SECRET 08b93950c294d39e9ddf6fdfa3daa483571852cb78122944e055357569e68a72 f53ef2feb834ffcb57bd6b814dc512d8fe5d60034ca8f93564cc054e5b62bbb8
CLIENT_HANDSHAKE_TRAFFIC_SECRET 732eea757a989dd5ad857d5497b5d2b425aa7e0bacd79c2b57a9777edae3f3c8 3e0985bbcc44373a93295b42f34b2d2dab5eb134ba08c2371deaf80a80e7194f
SERVER_HANDSHAKE_TRAFFIC_SECRET 732eea757a989dd5ad857d5497b5d2b425aa7e0bacd79c2b57a9777edae3f3c8 cc8bea5938e36afed9317440e49f624a1ee0bed6246873a1867e488055acb4a8
CLIENT_TRAFFIC_SECRET_0 3ebc24cbd38fb93f82d1929b5503952145dffd8c42f3a1f9778bf8854078b027 fd4f5a04da94599907422c48cfb1362e9960cd6dec47140e825c419808e70a55
SERVER_TRAFFIC_SECRET_0 3ebc24cbd38fb93f82d1929b5503952145dffd8c42f3a1f9778bf8854078b027 f35a00827bbf1d2ce82dcc0b379a0b6f80324dcd1945a82e7e7266bddb2def97
EXPORTER_SECRET 3ebc24cbd38fb93f82d1929b5503952145dffd8c42f3a1f9778bf8854078b027 358a10e384d7f68561490f98946fd1f59c1a2e241d09f0d398b03bec90cd0a56
CLIENT_TRAFFIC_SECRET_0 732eea757a989dd5ad857d5497b5d2b425aa7e0bacd79c2b57a9777edae3f3c8 c7a75dc853fc93b29265501c093cd0a83c73e71f3b05a6afbdf7b40bdd231739
SERVER_TRAFFIC_SECRET_0 732eea757a989dd5ad857d5497b5d2b425aa7e0bacd79c2b57a9777edae3f3c8 dc3da32c585b91337e4b30e8a53dec080b95854ba9d062204c2f657f823e717e
EXPORTER_SECRET 732eea757a989dd5ad857d5497b5d2b425aa7e0bacd79c2b57a9777edae3f3c8 cd023ec5a171c0d4771398644dc79cd54aef8df8a8cf2ada342069d67d8f7b8c
CLIENT_HANDSHAKE_TRAFFIC_SECRET 8f508d89390e22512c725d409077c12dc8d7016e1737d8ac9ef90dc94f104024 2b8295c21847b0a4bf1fd0c413baa4bd7f26791a64e2e6860bdd11b9cba4bf73
SERVER_HANDSHAKE_TRAFFIC_SECRET 8f508d89390e22512c725d409077c12dc8d7016e1737d8ac9ef90dc94f104024 79bb35ab04c25857aec4ab3bd4460e26a1a8a8d875eaa128b8b913712757afce
CLIENT_HANDSHAKE_TRAFFIC_SECRET cc4ed37fe7c81afedb6e021247ff0a4f9f0ea58ab16c68074fb331ec269d5df9 5c75aa96377cc9913cfcdf681293ef718bba07db6d0af02dc6cec2856b31f62f
SERVER_HANDSHAKE_TRAFFIC_SECRET cc4ed37fe7c81afedb6e021247ff0a4f9f0ea58ab16c68074fb331ec269d5df9 5eda0163004e0b26781c3469904cb1c4b8d4d192515ebc84b52bb57cfe03ffaf
CLIENT_TRAFFIC_SECRET_0 8f508d89390e22512c725d409077c12dc8d7016e1737d8ac9ef90dc94f104024 d061936034337b82bd998699acd3a864cdc4b74865f2fa2d9ef7bcea1c75db9a
SERVER_TRAFFIC_SECRET_0 8f508d89390e22512c725d409077c12dc8d7016e1737d8ac9ef90dc94f104024 cdfc3ab408823e7a4fd1c1f2dfcc71fb1276f4aaebc63b49dff3810d80d9b9ae
EXPORTER_SECRET 8f508d89390e22512c725d409077c12dc8d7016e1737d8ac9ef90dc94f104024 e7bc339d0eff2efa5bfe31877c0b27ec51d4e7532a106237425a6b81c5d4c35e
CLIENT_TRAFFIC_SECRET_0 cc4ed37fe7c81afedb6e021247ff0a4f9f0ea58ab16c68074fb331ec269d5df9 5554fb04521e86189b0e904c71a2e126092b2545d8814a5c69f26a0b13a97e69
SERVER_TRAFFIC_SECRET_0 cc4ed37fe7c81afedb6e021247ff0a4f9f0ea58ab16c68074fb331ec269d5df9 a544530c29d90be5e027c3f5913f2a35f84fef274c3470800ad2413aab26b081
EXPORTER_SECRET cc4ed37fe7c81afedb6e021247ff0a4f9f0ea58ab16c68074fb331ec269d5df9 89ee4d0fcec54ebe016340dc673781fba3075fed71e41bc2374c8ab22729c540
CLIENT_HANDSHAKE_TRAFFIC_SECRET a307d6efed76217aad499537907739abb75b0dc9cd6bade3b5ad6c4474139a9d a0df35d989bb1e9bc3aea36cd9a4bfc87dbeaf16adc5e9ab9ba953b48e3633bb
SERVER_HANDSHAKE_TRAFFIC_SECRET a307d6efed76217aad499537907739abb75b0dc9cd6bade3b5ad6c4474139a9d 11cbe213f503c66adea78aac4556081215e66e6e6ef8761d86b8c17fcd9c24a8
CLIENT_TRAFFIC_SECRET_0 a307d6efed76217aad499537907739abb75b0dc9cd6bade3b5ad6c4474139a9d 2004dcf7ea4d9cc7f174ea991f6633c05b58ce7e0e167c55a9c2bc62ac05a1a2
SERVER_TRAFFIC_SECRET_0 a307d6efed76217aad499537907739abb75b0dc9cd6bade3b5ad6c4474139a9d 2dd7defaa1d660f26864ce202a65aa4cd3a0a35c7fc3aee6098fee2ce3f13c15
EXPORTER_SECRET a307d6efed76217aad499537907739abb75b0dc9cd6bade3b5ad6c4474139a9d 8fec712a6ed9d32d0e6f0b6ed2dde6cce39d28117c72ffec5b4e7e05b8ff08a6
CLIENT_HANDSHAKE_TRAFFIC_SECRET 8ce67288472ddbf9847e6e4664f4b5142f43ec8579a3efcb90ec615c21940ebd 76158c3f820905b836aa2543e061a6fc492e0e617895cc3fd39a9689016a683b
SERVER_HANDSHAKE_TRAFFIC_SECRET 8ce67288472ddbf9847e6e4664f4b5142f43ec8579a3efcb90ec615c21940ebd 716e35d63863d8f0194a323e091731a28963a520f5ad8a0aa814ec6ba3064327
CLIENT_HANDSHAKE_TRAFFIC_SECRET 9ba2f5436cbed6c0193fbaa0a7ec98176988aa02b146349da4d1654514b8fc60 a34189a5ecb52c390510226110004fa30cd847e87ff804fc7f3fd5150244e87c
SERVER_HANDSHAKE_TRAFFIC_SECRET 9ba2f5436cbed6c0193fbaa0a7ec98176988aa02b146349da4d1654514b8fc60 ccb1e29b8509e1fc23f7a4ca26830e4bdcb7c1f3b7264c46611ab1b1e6006f90
CLIENT_TRAFFIC_SECRET_0 8ce67288472ddbf9847e6e4664f4b5142f43ec8579a3efcb90ec615c21940ebd 6c5b908fd3e4e7e82c2bb77eaa8651f2e3312eecba2ce90472ea6e9bf67a09b7
SERVER_TRAFFIC_SECRET_0 8ce67288472ddbf9847e6e4664f4b5142f43ec8579a3efcb90ec615c21940ebd 1b4cc3911af9518e21f5287db43bf4cda547bbbb0235ae18963074402ec92481
EXPORTER_SECRET 8ce67288472ddbf9847e6e4664f4b5142f43ec8579a3efcb90ec615c21940ebd 97368376716b914653f68b22a3eade75b1e9e1d30f4d2b115eb81725fc03633f
CLIENT_TRAFFIC_SECRET_0 9ba2f5436cbed6c0193fbaa0a7ec98176988aa02b146349da4d1654514b8fc60 3465869341c9eb78b6bc33b90e92e80cec1f4bacc7ce4727b4e0c5ecb97fa930
SERVER_TRAFFIC_SECRET_0 9ba2f5436cbed6c0193fbaa0a7ec98176988aa02b146349da4d1654514b8fc60 3bace37782fb3605a10b6634c4719ce248972712554042d7ab89ad7d0da59c51
EXPORTER_SECRET 9ba2f5436cbed6c0193fbaa0a7ec98176988aa02b146349da4d1654514b8fc60 639ed3d8934107ca1604b52cdfcf22dcc4a6cd9d679c273c473d23687c84da7d
CLIENT_HANDSHAKE_TRAFFIC_SECRET 630f9fb93c40e6fb347cbe7a2a6d8fe667616df27e092980fab38c3ce5a6c4a9 00741d5d21d669247ac5fdfabefd7c70f4d6624d0679fbd945810a30acb8b3d9
SERVER_HANDSHAKE_TRAFFIC_SECRET 630f9fb93c40e6fb347cbe7a2a6d8fe667616df27e092980fab38c3ce5a6c4a9 6ab8be46b2c569361deb960406a62819e407be25092d4bd7ff454ee3d06758c1
CLIENT_TRAFFIC_SECRET_0 630f9fb93c40e6fb347cbe7a2a6d8fe667616df27e092980fab38c3ce5a6c4a9 1f1107ef4012e78a62866756bdfe2db2111ba330d5b1bf10a2a78a6ce60d5d2f
SERVER_TRAFFIC_SECRET_0 630f9fb93c40e6fb347cbe7a2a6d8fe667616df27e092980fab38c3ce5a6c4a9 fe84c4f8e3dc98697b0c46c11e1170e45104eabfec8ec5b28ca162e6c49cfbe4
EXPORTER_SECRET 630f9fb93c40e6fb347cbe7a2a6d8fe667616df27e092980fab38c3ce5a6c4a9 cad190d5d94b9e71f8467862c3b0f71ff47488040148d1c7e0a5d4b47109902d
CLIENT_HANDSHAKE_TRAFFIC_SECRET 2a994ad21213a1fdb54348b5f9920b6262bf7e11cdef8da3b99c349ef0554c24 1f073c9d9fa0eda86ba307cb0eea1462efd6cf2ae2011c7eeb1de4219202074b
SERVER_HANDSHAKE_TRAFFIC_SECRET 2a994ad21213a1fdb54348b5f9920b6262bf7e11cdef8da3b99c349ef0554c24 1ed1109fc77314430ddacff2333266c426f76e8d9a36193ce1a859047fdb48c7
CLIENT_HANDSHAKE_TRAFFIC_SECRET 4adffedf7148264d9a9ea184df6a3c0160a5248fd66aad8bde5c5d1cc05a48e5 e9d3c9a8f8ad6280634229029d7eef2e35b7077ad370be0a7e1f677f751a1c08
SERVER_HANDSHAKE_TRAFFIC_SECRET 4adffedf7148264d9a9ea184df6a3c0160a5248fd66aad8bde5c5d1cc05a48e5 521804d89456d4cbe7847d1b1121cd00fee33493bb3e645ca44616de99e208e4
CLIENT_TRAFFIC_SECRET_0 2a994ad21213a1fdb54348b5f9920b6262bf7e11cdef8da3b99c349ef0554c24 44fe2987d445cd1d8bbc417b1052a1451a8f6cadd2424c73845d94a6d7be1687
SERVER_TRAFFIC_SECRET_0 2a994ad21213a1fdb54348b5f9920b6262bf7e11cdef8da3b99c349ef0554c24 c677062c68bbf35a4c5a3c902c2842d396c7fa6d0bf653959a4e1220d41519dc
EXPORTER_SECRET 2a994ad21213a1fdb54348b5f9920b6262bf7e11cdef8da3b99c349ef0554c24 967f0de1e1771ad4689cecac7ba7e813f24bd9378484abe6de051290ddae959d
CLIENT_TRAFFIC_SECRET_0 4adffedf7148264d9a9ea184df6a3c0160a5248fd66aad8bde5c5d1cc05a48e5 3be6d1641c12bfeef5c2e6759bd4a18d41498b7345f331b2ffee9b5ec3da6256
SERVER_TRAFFIC_SECRET_0 4adffedf7148264d9a9ea184df6a3c0160a5248fd66aad8bde5c5d1cc05a48e5 253d49953a5afea18bda30e6a1c0f9dd75743397e44a84fb7c8da0adad753e4c
EXPORTER_SECRET 4adffedf7148264d9a9ea184df6a3c0160a5248fd66aad8bde5c5d1cc05a48e5 7efab9031620b330bc2bd5b6fa7270c5e20c06165731eec22fe72f7771f28100
CLIENT_HANDSHAKE_TRAFFIC_SECRET 126ac1141bf12962b20e2bfa7351a85ac8aae9539e1a20b32987745aabe2859f 5371f717b53c0ae1307a98cfcf8928dec896c9d8a66499da0a4b500188be96d3
SERVER_HANDSHAKE_TRAFFIC_SECRET 126ac1141bf12962b20e2bfa7351a85ac8aae9539e1a20b32987745aabe2859f 136701af3060624dfd977b5da4687f83322146dcb312a0b215d19a0d29c44bd3
CLIENT_TRAFFIC_SECRET_0 126ac1141bf12962b20e2bfa7351a85ac8aae9539e1a20b32987745aabe2859f b8410fb25cfd2c0736e6debb09d00278279a3981337a9841f94045f16d16c3b2
SERVER_TRAFFIC_SECRET_0 126ac1141bf12962b20e2bfa7351a85ac8aae9539e1a20b32987745aabe2859f 7c68dcf0c99ed911c7cdca8c1f66c1fafabbb95915fd9cf8cad63d04191a2d7f
EXPORTER_SECRET 126ac1141bf12962b20e2bfa7351a85ac8aae9539e1a20b32987745aabe2859f 5c53694db68ffab2c09ff11ccc80a5ff05ea10d7af0144b15bca89d8685b8764
CLIENT_RANDOM dcd28f5601e1a2b87b543c69f148cd892c312f8a8e93b00985bfe5fcddf724ef bd8723b11aea66c0767c03a08cd3fbb468577c23d4b9bf474e37439e260041fb05e71d848d78d68010a264e5e6f992e1
CLIENT_HANDSHAKE_TRAFFIC_SECRET 06a4859d7d69bb0a622c452db82e51bb7ac9370420d7084257c6e0340fee5f51 071a51486a333ab9239b5bc31bf54c7148cbc150b775797e5a69477b438865a8
SERVER_HANDSHAKE_TRAFFIC_SECRET 06a4859d7d69bb0a622c452db82e51bb7ac9370420d7084257c6e0340fee5f51 734e264c01bec772fb378473c31a67977a0323b2a0bbc95f905fddf8336eda08
CLIENT_TRAFFIC_SECRET_0 06a4859d7d69bb0a622c452db82e51bb7ac9370420d7084257c6e0340fee5f51 689b1effd3189abe76102c00bb32ac35d8e9281fb96a90b569989307fa5a6090
SERVER_TRAFFIC_SECRET_0 06a4859d7d69bb0a622c452db82e51bb7ac9370420d7084257c6e0340fee5f51 5d4168835b46d30d474b0e57ab583886bcbfa30d9dc3465ebff227ef4bb67ecd
EXPORTER_SECRET 06a4859d7d69bb0a622c452db82e51bb7ac9370420d7084257c6e0340fee5f51 5fcd4584694d22217539a5829a82963c90d03bdb6188e03aa744f567216e13a2
CLIENT_RANDOM 7c9d51122c59f509bb4f10d435c5fe3136588b3e875a217f8632ba2d82b7bcfb 753ffde67d3852ec392e948efdd263402041c747209db50b4ad4edd262ed1c9c68544b6eb4a761764f01781c8ead520c
CLIENT_RANDOM a82bbd94206a52b99bc83a631180487ee93330b0e55c01d8cb44281123d88203 25d1eb1cf7688852dbf17a4ca41f1ac6e68857d3739484eae55e60d3e7762b7d2231642785bdbea4789e7d2eccea4d60
CLIENT_RANDOM 675c4bd29828fec93fcb88e77717c95b5aff0e4b0dd10a425af25818d60e8720 93db9040b3925124cb4eae923ec62b44214a49afffa18d38e006b8c327000687c28b8bb8910941de8ac77700f86abf15
CLIENT_RANDOM 25d90c1870f9149202c9f25df2ee08b7991d5548cd19a17e45a6ac39ad2dec9b eaa4cfc2741158d93a7ae62e83a21933f2b7e6fa4d952be739576f5f77332332d51b542ca8dcc29d375a85e54c1391a3
CLIENT_RANDOM 9dd1f0715fc5e9c6511ee164976f2d48f1ff5699aace4434007c15b7ea8c9755 9aaf2d61e100652c49188ac79cbf8a5a7a5c806433e4e20291372adb754d692b6a7eddeff95eeedc04c081200701c31e
CLIENT_RANDOM ab3cec91694941195a6d67af2675b59c3e9a4bddf2b88aa7197993106e935ef3 afbe18bd591b7acdace5159f22089995f0f34e0a00d7d7e72497811110ef29f190e6c0d63224674b88a08d16e98a862c
CLIENT_HANDSHAKE_TRAFFIC_SECRET a1b54a2adaf2f1bf5fe3bb1760d6126741be3c47d7a1654819082ad479074c03 2616201ae44019b186a13e88f87cf5a5e469d3482a83648c9630e603f7dce0d2
SERVER_HANDSHAKE_TRAFFIC_SECRET a1b54a2adaf2f1bf5fe3bb1760d6126741be3c47d7a1654819082ad479074c03 a5560c4d867005d2f3693123bfca6a0de0faa56bd748222b02c10c92484b4ec9
CLIENT_TRAFFIC_SECRET_0 a1b54a2adaf2f1bf5fe3bb1760d6126741be3c47d7a1654819082ad479074c03 98aecec1180a00ee8242f797abfe5005b96724f7aa6097e52c1c345281dc6836
SERVER_TRAFFIC_SECRET_0 a1b54a2adaf2f1bf5fe3bb1760d6126741be3c47d7a1654819082ad479074c03 1ad713a0c38331df41a4881d06cb9695f6cdc303f04492b3b74ca09016d7d246
EXPORTER_SECRET a1b54a2adaf2f1bf5fe3bb1760d6126741be3c47d7a1654819082ad479074c03 3371208b858e2c942e3476cbdfdb2d92acd99c9cdb59b6b83cae555c07a44d22
CLIENT_HANDSHAKE_TRAFFIC_SECRET 93b533596678d599405feb81d6d8c385acfbe8474cfef764192164866b4f9e5f afa3e9934dfc24018173881ea74a009a490ee21b61ba4d089976efd23aa7575e
SERVER_HANDSHAKE_TRAFFIC_SECRET 93b533596678d599405feb81d6d8c385acfbe8474cfef764192164866b4f9e5f c62da8ca3b916cb076b23826439848a6a789ee1cf8e3a40d68614ae9ffd4d1dc
CLIENT_TRAFFIC_SECRET_0 93b533596678d599405feb81d6d8c385acfbe8474cfef764192164866b4f9e5f c9b052dac1302c707cdb6e455d490f4a719856d93f966320473dc2f0cfa3b52f
SERVER_TRAFFIC_SECRET_0 93b533596678d599405feb81d6d8c385acfbe8474cfef764192164866b4f9e5f 34423437763344cc11a0f383f6abb9ea170ccf6e568e5ff9a52145d17efa5ce3
EXPORTER_SECRET 93b533596678d599405feb81d6d8c385acfbe8474cfef764192164866b4f9e5f b1c85752d10513a6a007bce62ac8e94afe5006891aa367776f70dd164fe835f8
CLIENT_HANDSHAKE_TRAFFIC_SECRET ab13a81d349170350792bda5a50aa88b6ff46aea3268a600437c9dcd6facc550 3a58fa908f98b2257e329e5e65e0e5388b54322e8c93cc3a379e9c6aee66ee88
SERVER_HANDSHAKE_TRAFFIC_SECRET ab13a81d349170350792bda5a50aa88b6ff46aea3268a600437c9dcd6facc550 8878f57a328a29d3c3ca1ed77ed617ca4621926ae37dadb90721bf2678d80146
CLIENT_TRAFFIC_SECRET_0 ab13a81d349170350792bda5a50aa88b6ff46aea3268a600437c9dcd6facc550 7f4c8aa4f0ed5330cb2a638d579c450fb99062dbdaf09fb7530f2255d00734d1
SERVER_TRAFFIC_SECRET_0 ab13a81d349170350792bda5a50aa88b6ff46aea3268a600437c9dcd6facc550 06ea8fbaf6763a9c34afb21f88b2cf204b0b338f9682ec136b576a8fa7dbd764
EXPORTER_SECRET ab13a81d349170350792bda5a50aa88b6ff46aea3268a600437c9dcd6facc550 44ff62e44f7daa0ac9261540ae161e45bff01c6397012f3fd924b4a67bdd3766
CLIENT_HANDSHAKE_TRAFFIC_SECRET df8fed5fbfcfc9daa6f15a3b54c48f68e7e1e0e6debd635e7315aed6c4128ad1 285a5ad339bbdbe1bfe7ba1f031afa7d9e4860c1f6e526e1bc5a24d524c562d3
SERVER_HANDSHAKE_TRAFFIC_SECRET df8fed5fbfcfc9daa6f15a3b54c48f68e7e1e0e6debd635e7315aed6c4128ad1 6a95ace67a09d86ecdd1604b83dfbf2bceba1ff278c126d0ac5d08f8b42b4038
CLIENT_TRAFFIC_SECRET_0 df8fed5fbfcfc9daa6f15a3b54c48f68e7e1e0e6debd635e7315aed6c4128ad1 4a576be18445f8887b6dd813c14c126929b0e62aed90a355b27120a1f5280703
SERVER_TRAFFIC_SECRET_0 df8fed5fbfcfc9daa6f15a3b54c48f68e7e1e0e6debd635e7315aed6c4128ad1 42f240d8eac7a77108eb01f85cf72482cfeeae780e51687d75ed916cd123c59a
EXPORTER_SECRET df8fed5fbfcfc9daa6f15a3b54c48f68e7e1e0e6debd635e7315aed6c4128ad1 2a47af26f523c2dfea023f1d5f32f5288e39c2114b4676040d82fad52bad90df
CLIENT_HANDSHAKE_TRAFFIC_SECRET 60ee1033883c85872f76354ba7e893835ce3e747e3dcdcce15ea32197babcabb 4628dd93a8f34fdc56a99cc55bce8876e775b245207570c83c5f23272b006723
SERVER_HANDSHAKE_TRAFFIC_SECRET 60ee1033883c85872f76354ba7e893835ce3e747e3dcdcce15ea32197babcabb 158d8db9a7afb20736171cfe63b3149d06afc0b0ab4c7fff5709932d9c5a2c52
CLIENT_HANDSHAKE_TRAFFIC_SECRET 3a649d1e22cd3e64f79889050ed66c8498296b8dfdd8c6cc615f583778abe477 3f841846d17c27da01ac504ef06c830cfb7d933f0d1c7c21fa271d4b1aa9157f
SERVER_HANDSHAKE_TRAFFIC_SECRET 3a649d1e22cd3e64f79889050ed66c8498296b8dfdd8c6cc615f583778abe477 e2f9b9a8c8eaf89a8691f1eb0d359bb2b609c9ed69b03f85eacccbbb9bca96c8
CLIENT_TRAFFIC_SECRET_0 60ee1033883c85872f76354ba7e893835ce3e747e3dcdcce15ea32197babcabb 1dc63a6928050c8d561d87588b5b53442395ee23742fbf087aef28a8f6a390dc
SERVER_TRAFFIC_SECRET_0 60ee1033883c85872f76354ba7e893835ce3e747e3dcdcce15ea32197babcabb a019654947f5aac9770d16b7c5696e6ca27dae4989135aea08ffc58d3b9d9b4f
EXPORTER_SECRET 60ee1033883c85872f76354ba7e893835ce3e747e3dcdcce15ea32197babcabb 8ca4411b835f0845e515de6fff7d8e97bf91f89f11f55230f5d7571c83978b25
CLIENT_TRAFFIC_SECRET_0 3a649d1e22cd3e64f79889050ed66c8498296b8dfdd8c6cc615f583778abe477 3daff6b2d4f8c8deb7bcf0020e0b32aa6a8ffde08cd2986348d6a6c88307c0e2
SERVER_TRAFFIC_SECRET_0 3a649d1e22cd3e64f79889050ed66c8498296b8dfdd8c6cc615f583778abe477 75d4e83cc03bb38cd8d29508d52d60899f93c66282997db7caa0b77ff37bea64
EXPORTER_SECRET 3a649d1e22cd3e64f79889050ed66c8498296b8dfdd8c6cc615f583778abe477 0ea0ca617dea0ea3df7e0ca1b2b0726af4b53f3f419ddb4d2a11ea2abb7e8685
CLIENT_HANDSHAKE_TRAFFIC_SECRET da23e913e2ae5b1ce8cca8675665034d958130a020d108ac87391b202dd57644 7aafe66d952fbd567d64d80a9046efab698c794f09e11bbb32d62ca965038bc8
SERVER_HANDSHAKE_TRAFFIC_SECRET da23e913e2ae5b1ce8cca8675665034d958130a020d108ac87391b202dd57644 2ee70342442bcde24046846e1315dbf9df43c776003bfbe4b29f969406078884
CLIENT_HANDSHAKE_TRAFFIC_SECRET 4dee91c7f9d9835950f09bfba577ccb989842b35fe34f41c9e9979612f27de0a 22cd77d23ca4720e19e05334d9675ccaa5a567562ef1e3c4c9971a8904a80545
SERVER_HANDSHAKE_TRAFFIC_SECRET 4dee91c7f9d9835950f09bfba577ccb989842b35fe34f41c9e9979612f27de0a 653dae1e8c4bcff72624880bdeb62b9854647e36d5645be87d89283516d1a762
CLIENT_TRAFFIC_SECRET_0 da23e913e2ae5b1ce8cca8675665034d958130a020d108ac87391b202dd57644 a08ba245f8d3b1414e485712ffdc7f08dcb0bd996ade687e784db289f52c1e3d
SERVER_TRAFFIC_SECRET_0 da23e913e2ae5b1ce8cca8675665034d958130a020d108ac87391b202dd57644 8b96ec8856724499d78d250ec1bb4e9cacea33cf6cdcf04e91f49d20ec6f54ee
EXPORTER_SECRET da23e913e2ae5b1ce8cca8675665034d958130a020d108ac87391b202dd57644 f08662e838f07650c8e7e2afbfe86460c3ab3e67778172b40808679af600373b
CLIENT_TRAFFIC_SECRET_0 4dee91c7f9d9835950f09bfba577ccb989842b35fe34f41c9e9979612f27de0a 43741a4c20c15cc2094c72055d3d27978d994d33d403c83cf2e2f795f1c8928b
SERVER_TRAFFIC_SECRET_0 4dee91c7f9d9835950f09bfba577ccb989842b35fe34f41c9e9979612f27de0a 57276bd08e8f62ab6a309f68a10a9e66a9dfcd12431142ba0fb2160b9c36c63c
EXPORTER_SECRET 4dee91c7f9d9835950f09bfba577ccb989842b35fe34f41c9e9979612f27de0a 12081ae5e9f050463232d5d2d53f6889848641bf6f8d31d8eab5e18f46b8da09
CLIENT_HANDSHAKE_TRAFFIC_SECRET ddb259a188f4185cd43c9414f94fb40367d6d3efadbce786ef1c20eb45437164 475c729125f14663b2d584cd8a38fec65e2e182a922f83262ebb130bdf7f298e
SERVER_HANDSHAKE_TRAFFIC_SECRET ddb259a188f4185cd43c9414f94fb40367d6d3efadbce786ef1c20eb45437164 413fd5af7d0f4ec27f82dab5bf21cf251051f8c57f221093e122e8a2e3b78773
CLIENT_TRAFFIC_SECRET_0 ddb259a188f4185cd43c9414f94fb40367d6d3efadbce786ef1c20eb45437164 e748fef0a7733f4e55a1eb4132f8326449e8f4f2609e0f0cb6890b1f22402fdc
SERVER_TRAFFIC_SECRET_0 ddb259a188f4185cd43c9414f94fb40367d6d3efadbce786ef1c20eb45437164 76e16cef66625738eec5ea45f036c5f93f8392541041ac587be46c7fdd67c887
EXPORTER_SECRET ddb259a188f4185cd43c9414f94fb40367d6d3efadbce786ef1c20eb45437164 eb0f04def32a4dfef463511f6e6385ee3be2cb96c76f9392611754732673662f
CLIENT_HANDSHAKE_TRAFFIC_SECRET 085117b804a27f4974fc6b1b8c8ca3fefccf3dcaa1c2aa08320030a3861a7f0a d64d9d21ae190a5812fcb632126836cda9ad58bcb62533d1e67bab0915e738dd
SERVER_HANDSHAKE_TRAFFIC_SECRET 085117b804a27f4974fc6b1b8c8ca3fefccf3dcaa1c2aa08320030a3861a7f0a fad8ff8f5cedba2455c6fdb60606a5d56926354ab77e751bd65f7828fcbce22e
CLIENT_TRAFFIC_SECRET_0 085117b804a27f4974fc6b1b8c8ca3fefccf3dcaa1c2aa08320030a3861a7f0a 28ccebcf5884ae99e4125f03b9323346c06aa23d53b9e4b63b350b6ca90fbaf1
SERVER_TRAFFIC_SECRET_0 085117b804a27f4974fc6b1b8c8ca3fefccf3dcaa1c2aa08320030a3861a7f0a 45ee110e9da46e8ab96e52a6984f4e2abb3a452601151549d639cab6ccb9a525
EXPORTER_SECRET 085117b804a27f4974fc6b1b8c8ca3fefccf3dcaa1c2aa08320030a3861a7f0a 55d3c7dba64b618b11b719716d9b343c3c533c5618f49f4cbfb48c36d9469929
CLIENT_HANDSHAKE_TRAFFIC_SECRET 77c5964f241399d42466c1fe0620ae559172c849b960948bcadf69aa8c6bad89 008dee15be466827e6ff82a984821d910908b550ce7d76955021f12d67cd68a0
SERVER_HANDSHAKE_TRAFFIC_SECRET 77c5964f241399d42466c1fe0620ae559172c849b960948bcadf69aa8c6bad89 e4913ac55422ea8cf773a60c891ecd055ec3b9fa105b64cd4eefc4804ac479fc
CLIENT_TRAFFIC_SECRET_0 77c5964f241399d42466c1fe0620ae559172c849b960948bcadf69aa8c6bad89 988e386f93bb2e548822fd42e3f58adda4d8f20529c9aa271b22e56efb425804
SERVER_TRAFFIC_SECRET_0 77c5964f241399d42466c1fe0620ae559172c849b960948bcadf69aa8c6bad89 a35c65f1f304f6d20c7ca43f6810072a5b4e82197244a1afe8a093726e8ab377
EXPORTER_SECRET 77c5964f241399d42466c1fe0620ae559172c849b960948bcadf69aa8c6bad89 6dbd05838f0cacd36f6530c143d53a226c99e40b8fc20d3559ec6179dd6d9a8a
CLIENT_HANDSHAKE_TRAFFIC_SECRET fa9e31f811790d57281f00db48767353e7885eb3e63cefe2287932c1e5e68d7d 15367e6dbcaed8e75377c3913a6444ee304096daf2aec4cd0e4b0d25546bad32
SERVER_HANDSHAKE_TRAFFIC_SECRET fa9e31f811790d57281f00db48767353e7885eb3e63cefe2287932c1e5e68d7d d02846f3c4361f893ebe3945490a2c45cbd797733479a1d4a20938fc249aea54
CLIENT_TRAFFIC_SECRET_0 fa9e31f811790d57281f00db48767353e7885eb3e63cefe2287932c1e5e68d7d 7f9ee1e889e8b9e12d70e7ff90b1ebfda7db0c5079e32371530087eb137fcef5
SERVER_TRAFFIC_SECRET_0 fa9e31f811790d57281f00db48767353e7885eb3e63cefe2287932c1e5e68d7d 7d25208e89963332169de2133759f60deb6b6f3ba2c1c4e7d7f7fa5ee947030f
EXPORTER_SECRET fa9e31f811790d57281f00db48767353e7885eb3e63cefe2287932c1e5e68d7d 4aeec4941649768875c0c048394738be38fc8cc18a7794726fdd9ea820a74773
CLIENT_HANDSHAKE_TRAFFIC_SECRET e9523cb25dbc4f47a440aaec9b00d2096882cc2a2acbf1f9a0c0342de29c9a90 55b5aa38917f2ae3381aa18fc8a80ff89cd75a6f55755f240095f50a631a40d3
SERVER_HANDSHAKE_TRAFFIC_SECRET e9523cb25dbc4f47a440aaec9b00d2096882cc2a2acbf1f9a0c0342de29c9a90 02646dbb89cb0afe343f7fe0bd9e462517bb327e89baa7dd12ac26a7438b14a6
CLIENT_TRAFFIC_SECRET_0 e9523cb25dbc4f47a440aaec9b00d2096882cc2a2acbf1f9a0c0342de29c9a90 c5afcb01d5a44f2c3ce90454125064e8eafb9b335cb83c17f1cc3c34e3d6ef13
SERVER_TRAFFIC_SECRET_0 e9523cb25dbc4f47a440aaec9b00d2096882cc2a2acbf1f9a0c0342de29c9a90 dd575987794b77785b235844ea40e6b85f5211676ce6bc36b9950154fe4a8531
EXPORTER_SECRET e9523cb25dbc4f47a440aaec9b00d2096882cc2a2acbf1f9a0c0342de29c9a90 efe54b563f64d71aa2ee08a408de61081f10125b760ff28af151b40729641a9c
CLIENT_HANDSHAKE_TRAFFIC_SECRET 46aceab2308a0ab5772b4e51dfcb8fc2c206a3babb3b312f91bf7afc6c17a288 cdc2b86c19ed96a106ac7aa957234e82c9326fadab3d2373d6c6d2afacac9c77
SERVER_HANDSHAKE_TRAFFIC_SECRET 46aceab2308a0ab5772b4e51dfcb8fc2c206a3babb3b312f91bf7afc6c17a288 8a94fa9083e9c0b835c393efc1a3e4d42b80c4d08a0297500fb7bf729cb70762
CLIENT_TRAFFIC_SECRET_0 46aceab2308a0ab5772b4e51dfcb8fc2c206a3babb3b312f91bf7afc6c17a288 1c2845829dae679d5f64046a1bbef3f36517b89d536269285d2523aeeb4884ac
SERVER_TRAFFIC_SECRET_0 46aceab2308a0ab5772b4e51dfcb8fc2c206a3babb3b312f91bf7afc6c17a288 a58e56affed6dce4123491cc7c6b0cb722af39885381cfee4fc386d62bf178b8
EXPORTER_SECRET 46aceab2308a0ab5772b4e51dfcb8fc2c206a3babb3b312f91bf7afc6c17a288 2274d3d5c5bed90c3d254077bb480371ebe810419b64dd9ffd668a5115ec1b41
CLIENT_RANDOM cd9a994aeb3bf9e68522285e9e6f42fca131ec78c4ca23d6d847694e0d1e06a1 9918371cd92d7e1dc7926a339b7a7a97ab582da866aa1cfa09c3da90034478e4aaefe350f8100a9e156721b3f3d51de5
CLIENT_RANDOM 0777f017fe045bb334d611eb0a93fdaa48e538fb69deb00269d779e41579a6ed b369b9b646482ff32bf3331c3f4ff85f119423e73552c4d4e113749128214686aefa76fad913262fc2bf040cf96387f0
CLIENT_RANDOM 0e850516f5bc918120edb2e6de79f0958bbcfc642eef20f49cd514780f6d2540 89ddf4a68c85c79f2f3431ec988f875f22f6c6a7f2df0c995c8f6ac24dabd15ade6e40c46105c97ffc2748e357fae67f
CLIENT_RANDOM a58c0ee74e72fab0fc6bcc3ac4a8c04328496acb70e04b6135495dd446ef1484 60373ea55265684a64c8344ee780e5f3f022358515ecc094ba251eed2e6e8d6c6f9ed23e7c6d4ce004a2b727449113fa
CLIENT_RANDOM b924f0b814d76962206ef75954c9074ec8b63edd2562f84948c245e0dbfce4ab 919649d1284263e6339da1ccd6d45095919da425ca6667587f2160adeb1a94704cec4f9eb7ca0c97ff84d137ac04d2cc
CLIENT_HANDSHAKE_TRAFFIC_SECRET b97939bcf3758fbeb3852a25d1d67695f6621c90660677076934d30f30ab6665 2c5498abde9c630bdcd554fbf229219ff2b2d87e7cae283c82113c84c7c91a68
SERVER_HANDSHAKE_TRAFFIC_SECRET b97939bcf3758fbeb3852a25d1d67695f6621c90660677076934d30f30ab6665 c246a494ad3e80dad403032921a44e43bab2259ed4eae4dc330a2ed24f44191f
CLIENT_TRAFFIC_SECRET_0 b97939bcf3758fbeb3852a25d1d67695f6621c90660677076934d30f30ab6665 eee9056ca69965cea45b3e629267699153505695c0d1cbe8dcceb96fd15f3d90
SERVER_TRAFFIC_SECRET_0 b97939bcf3758fbeb3852a25d1d67695f6621c90660677076934d30f30ab6665 2bc9d7fd25494aafac73133992b21556e3a61d147e6ec2f335cf5175f50e0d6b
EXPORTER_SECRET b97939bcf3758fbeb3852a25d1d67695f6621c90660677076934d30f30ab6665 02d71a1c8fefe84aa4dc26b6f6c56e623991328c107ec32d7ed71d8833543734
CLIENT_HANDSHAKE_TRAFFIC_SECRET 18b93a6974b4d0651f7ed4d8f0337ca497136c1a54ec1172122ffd62ec9158e2 81b8ab89ace78cbf029ff58f006bf70c037ec3f3672dd891c326099634ba1092
SERVER_HANDSHAKE_TRAFFIC_SECRET 18b93a6974b4d0651f7ed4d8f0337ca497136c1a54ec1172122ffd62ec9158e2 9e7047baef41e53d128ebb156f80d559d87d4594d862e6d60a20bfa5841ef52b
CLIENT_TRAFFIC_SECRET_0 18b93a6974b4d0651f7ed4d8f0337ca497136c1a54ec1172122ffd62ec9158e2 d265408414b0ad95dc68c1762d1e7e9d41fb4b1d52dc94f02b9b44584fbad1ba
SERVER_TRAFFIC_SECRET_0 18b93a6974b4d0651f7ed4d8f0337ca497136c1a54ec1172122ffd62ec9158e2 4fdc38dd8e2fc3c7e7d8e54c799bcac6febc67f26637721f84141b5a9b96e8d8
EXPORTER_SECRET 18b93a6974b4d0651f7ed4d8f0337ca497136c1a54ec1172122ffd62ec9158e2 8ae844d4c99ab967514213ca968857c0fff2f851683fd89f63db8e6f8a5802d9
